2021-04-07 14:23:38,054:INFO:Initializing load_model()
2021-04-07 14:23:38,054:INFO:load_model(model_name=extra_tree_model, platform=None, authentication=None, verbose=True)
2021-04-07 14:33:22,020:INFO:Initializing load_model()
2021-04-07 14:33:22,021:INFO:load_model(model_name=extra_tree_model, platform=None, authentication=None, verbose=True)
2021-04-07 14:33:26,272:INFO:Initializing load_model()
2021-04-07 14:33:26,272:INFO:load_model(model_name=extra_tree_model, platform=None, authentication=None, verbose=True)
2021-04-07 14:33:26,331:INFO:Initializing predict_model()
2021-04-07 14:33:26,332:INFO:predict_model(estimator=Pipeline(steps=[('dtypes',
                 DataTypes_Auto_infer(ml_usecase='classification',
                                      target='quality')),
                ('imputer',
                 Simple_Imputer(categorical_strategy='not_available',
                                fill_value_categorical=None,
                                fill_value_numerical=None,
                                numeric_strategy='mean',
                                target_variable=None)),
                ('new_levels1',
                 New_Catagorical_Levels_in_TestData(replacement_strategy='least '
                                                                         'frequent',
                                                    tar...
                ('binn', 'passthrough'), ('rem_outliers', 'passthrough'),
                ('cluster_all', 'passthrough'),
                ('dummy', Dummify(target='quality')),
                ('fix_perfect', Remove_100(target='quality')),
                ('clean_names', Clean_Colum_Names()),
                ('feature_select', 'passthrough'), ('fix_multi', 'passthrough'),
                ('dfs', 'passthrough'), ('pca', 'passthrough'),
                ['trained_model',
                 ExtraTreesClassifier(n_jobs=-1, random_state=123)]]), probability_threshold=None, encoded_labels=False, raw_score=False, round=4, verbose=True, ml_usecase=MLUsecase.CLASSIFICATION, display=None)
2021-04-07 14:33:26,334:INFO:Checking exceptions
2021-04-07 14:33:26,334:INFO:Preloading libraries
